<?xml version="1.0" encoding="UTF-8"?>
<testng-results ignored="0" total="1" passed="1" failed="0" skipped="0">
  <reporter-output>
  </reporter-output>
  <suite started-at="2025-09-10T12:37:39 IST" name="Default suite" finished-at="2025-09-10T12:38:21 IST" duration-ms="42005">
    <groups>
    </groups>
    <test started-at="2025-09-10T12:37:39 IST" name="Default test" finished-at="2025-09-10T12:38:21 IST" duration-ms="42005">
      <class name="ModuleDriven.tests.AppTest">
        <test-method is-config="true" signature="test()[pri:0, instance:ModuleDriven.tests.AppTest@7a8c8dcf]" started-at="2025-09-10T12:37:39 IST" name="test" finished-at="2025-09-10T12:38:13 IST" duration-ms="34259" status="PASS">
          <reporter-output>
          </reporter-output>
        </test-method> <!-- test -->
        <test-method signature="testLoginAndSearch()[pri:0, instance:ModuleDriven.tests.AppTest@7a8c8dcf]" started-at="2025-09-10T12:38:13 IST" name="testLoginAndSearch" finished-at="2025-09-10T12:38:21 IST" duration-ms="7512" status="PASS">
          <reporter-output>
          </reporter-output>
        </test-method> <!-- testLoginAndSearch -->
        <test-method is-config="true" signature="tearDown()[pri:0, instance:ModuleDriven.tests.AppTest@7a8c8dcf]" started-at="2025-09-10T12:38:21 IST" name="tearDown" finished-at="2025-09-10T12:38:21 IST" duration-ms="5" status="PASS">
          <reporter-output>
          </reporter-output>
        </test-method> <!-- tearDown -->
      </class> <!-- ModuleDriven.tests.AppTest -->
    </test> <!-- Default test -->
  </suite> <!-- Default suite -->
</testng-results>
