<?xml version="1.0" encoding="UTF-8"?>
<!-- Generated by org.testng.reporters.JUnitXMLReporter -->
<testsuite ignored="0" hostname="SNEHAL" failures="0" tests="3" name="Ecommerce Tests" time="27.82" errors="0" timestamp="2025-09-17T13:42:59 IST">
  <testcase classname="tests.LoginTest" name="testLogin" time="1.527"/>
  <testcase classname="tests.SearchTest" name="testProductSearch" time="2.45"/>
  <testcase classname="tests.CartTest" name="testAddToCartFromSearch" time="7.887"/>
</testsuite> <!-- Ecommerce Tests -->
