<?xml version="1.0" encoding="UTF-8"?>
<testng-results ignored="0" total="2" passed="2" failed="0" skipped="0">
  <reporter-output>
  </reporter-output>
  <suite started-at="2025-09-06T13:12:15 IST" name="Default suite" finished-at="2025-09-06T13:12:34 IST" duration-ms="18674">
    <groups>
    </groups>
    <test started-at="2025-09-06T13:12:15 IST" name="Default test" finished-at="2025-09-06T13:12:34 IST" duration-ms="18674">
      <class name="com.tops.ExcelMaven.LoginTest">
        <test-method is-config="true" signature="beforeMethod()[pri:0, instance:com.tops.ExcelMaven.LoginTest@1b2c4efb]" started-at="2025-09-06T13:12:17 IST" name="beforeMethod" finished-at="2025-09-06T13:12:25 IST" duration-ms="7732" status="PASS">
          <reporter-output>
          </reporter-output>
        </test-method> <!-- beforeMethod -->
        <test-method signature="testLogin(java.lang.String,java.lang.String)[pri:0, instance:com.tops.ExcelMaven.LoginTest@1b2c4efb]" started-at="2025-09-06T13:12:25 IST" name="testLogin" data-provider="LoginData" finished-at="2025-09-06T13:12:28 IST" duration-ms="2890" status="PASS">
          <params>
            <param index="0">
              <value>
                <![CDATA[Snehal_Solanki]]>
              </value>
            </param>
            <param index="1">
              <value>
                <![CDATA[Snehal%123]]>
              </value>
            </param>
          </params>
          <reporter-output>
          </reporter-output>
        </test-method> <!-- testLogin -->
        <test-method is-config="true" signature="afterMethod()[pri:0, instance:com.tops.ExcelMaven.LoginTest@1b2c4efb]" started-at="2025-09-06T13:12:28 IST" name="afterMethod" finished-at="2025-09-06T13:12:28 IST" duration-ms="4" status="PASS">
          <reporter-output>
          </reporter-output>
        </test-method> <!-- afterMethod -->
        <test-method is-config="true" signature="beforeMethod()[pri:0, instance:com.tops.ExcelMaven.LoginTest@1b2c4efb]" started-at="2025-09-06T13:12:28 IST" name="beforeMethod" finished-at="2025-09-06T13:12:31 IST" duration-ms="3071" status="PASS">
          <reporter-output>
          </reporter-output>
        </test-method> <!-- beforeMethod -->
        <test-method signature="testLogin(java.lang.String,java.lang.String)[pri:0, instance:com.tops.ExcelMaven.LoginTest@1b2c4efb]" started-at="2025-09-06T13:12:31 IST" name="testLogin" data-provider="LoginData" finished-at="2025-09-06T13:12:34 IST" duration-ms="3035" status="PASS">
          <params>
            <param index="0">
              <value>
                <![CDATA[standard_user]]>
              </value>
            </param>
            <param index="1">
              <value>
                <![CDATA[secret_sauce]]>
              </value>
            </param>
          </params>
          <reporter-output>
          </reporter-output>
        </test-method> <!-- testLogin -->
        <test-method is-config="true" signature="afterMethod()[pri:0, instance:com.tops.ExcelMaven.LoginTest@1b2c4efb]" started-at="2025-09-06T13:12:34 IST" name="afterMethod" finished-at="2025-09-06T13:12:34 IST" duration-ms="3" status="PASS">
          <reporter-output>
          </reporter-output>
        </test-method> <!-- afterMethod -->
      </class> <!-- com.tops.ExcelMaven.LoginTest -->
    </test> <!-- Default test -->
  </suite> <!-- Default suite -->
</testng-results>
