<?xml version="1.0" encoding="UTF-8"?>
<testng-results ignored="0" total="3" passed="3" failed="0" skipped="0">
  <reporter-output>
  </reporter-output>
  <suite started-at="2025-09-17T13:42:30 IST" name="ShopSuite" finished-at="2025-09-17T13:42:58 IST" duration-ms="27820">
    <groups>
    </groups>
    <test started-at="2025-09-17T13:42:30 IST" name="Ecommerce Tests" finished-at="2025-09-17T13:42:58 IST" duration-ms="27820">
      <class name="tests.LoginTest">
        <test-method is-config="true" signature="setUp()[pri:0, instance:tests.LoginTest@7068e664]" started-at="2025-09-17T13:42:30 IST" name="setUp" finished-at="2025-09-17T13:42:36 IST" duration-ms="6010" status="PASS">
          <reporter-output>
          </reporter-output>
        </test-method> <!-- setUp -->
        <test-method signature="testLogin()[pri:0, instance:tests.LoginTest@7068e664]" started-at="2025-09-17T13:42:36 IST" name="testLogin" finished-at="2025-09-17T13:42:38 IST" duration-ms="1527" status="PASS">
          <reporter-output>
          </reporter-output>
        </test-method> <!-- testLogin -->
        <test-method is-config="true" signature="tearDown()[pri:0, instance:tests.LoginTest@7068e664]" started-at="2025-09-17T13:42:38 IST" name="tearDown" finished-at="2025-09-17T13:42:38 IST" duration-ms="361" status="PASS">
          <reporter-output>
          </reporter-output>
        </test-method> <!-- tearDown -->
      </class> <!-- tests.LoginTest -->
      <class name="tests.CartTest">
        <test-method is-config="true" signature="setUp()[pri:0, instance:tests.CartTest@21d03963]" started-at="2025-09-17T13:42:46 IST" name="setUp" finished-at="2025-09-17T13:42:49 IST" duration-ms="3833" status="PASS">
          <reporter-output>
          </reporter-output>
        </test-method> <!-- setUp -->
        <test-method signature="testAddToCartFromSearch()[pri:0, instance:tests.CartTest@21d03963]" started-at="2025-09-17T13:42:49 IST" name="testAddToCartFromSearch" finished-at="2025-09-17T13:42:57 IST" duration-ms="7887" status="PASS">
          <reporter-output>
          </reporter-output>
        </test-method> <!-- testAddToCartFromSearch -->
        <test-method is-config="true" signature="tearDown()[pri:0, instance:tests.CartTest@21d03963]" started-at="2025-09-17T13:42:58 IST" name="tearDown" finished-at="2025-09-17T13:42:58 IST" duration-ms="443" status="PASS">
          <reporter-output>
          </reporter-output>
        </test-method> <!-- tearDown -->
      </class> <!-- tests.CartTest -->
      <class name="tests.SearchTest">
        <test-method is-config="true" signature="setUp()[pri:0, instance:tests.SearchTest@776a6d9b]" started-at="2025-09-17T13:42:38 IST" name="setUp" finished-at="2025-09-17T13:42:42 IST" duration-ms="3985" status="PASS">
          <reporter-output>
          </reporter-output>
        </test-method> <!-- setUp -->
        <test-method signature="testProductSearch()[pri:0, instance:tests.SearchTest@776a6d9b]" started-at="2025-09-17T13:42:42 IST" name="testProductSearch" finished-at="2025-09-17T13:42:45 IST" duration-ms="2450" status="PASS">
          <reporter-output>
          </reporter-output>
        </test-method> <!-- testProductSearch -->
        <test-method is-config="true" signature="tearDown()[pri:0, instance:tests.SearchTest@776a6d9b]" started-at="2025-09-17T13:42:45 IST" name="tearDown" finished-at="2025-09-17T13:42:46 IST" duration-ms="310" status="PASS">
          <reporter-output>
          </reporter-output>
        </test-method> <!-- tearDown -->
      </class> <!-- tests.SearchTest -->
    </test> <!-- Ecommerce Tests -->
  </suite> <!-- ShopSuite -->
</testng-results>
