<?xml version="1.0" encoding="UTF-8"?>
<!-- Generated by org.testng.reporters.JUnitXMLReporter -->
<testsuite ignored="2" hostname="SNEHAL" failures="0" tests="1" name="LoginTests" time="0.083" errors="0" timestamp="2025-08-13T18:51:24 IST">
  <testcase classname="WebDriverAssignment.LoginTest" name="testValidLogin" time="0.014"/>
  <testcase classname="WebDriverAssignment.LoginTest" name="testInvalidLoginWithEmptyPassword" time="0.0">
    <ignored/>
  </testcase> <!-- testInvalidLoginWithEmptyPassword -->
  <testcase classname="WebDriverAssignment.LoginTest" name="testLoginWithParameters" time="0.0">
    <ignored/>
  </testcase> <!-- testLoginWithParameters -->
</testsuite> <!-- LoginTests -->
