<?xml version="1.0" encoding="UTF-8"?>
<!-- Generated by org.testng.reporters.JUnitXMLReporter -->
<testsuite ignored="0" hostname="SNEHAL" failures="0" tests="3" name="ParameterizedLoginTest" time="0.018" errors="0" timestamp="2025-08-13T18:51:25 IST">
  <testcase classname="WebDriverAssignment.LoginTest" name="testInvalidLoginWithEmptyPassword" time="0.002"/>
  <testcase classname="WebDriverAssignment.LoginTest" name="testValidLogin" time="0.002"/>
  <testcase classname="WebDriverAssignment.LoginTest" name="testLoginWithParameters" time="0.006"/>
</testsuite> <!-- ParameterizedLoginTest -->
